<?xml version="1.0" encoding="UTF-8"?>
<!-- Generated by org.testng.reporters.JUnitReportReporter -->
<testsuite hostname="DESKTOP-PD1QEPU" failures="0" tests="1" name="Chandan.LoginToActitime2" time="29.659" errors="0" timestamp="2023-06-15T10:54:32 IST" skipped="0">
  <testcase classname="Chandan.LoginToActitime2" name="loginActitimeTest" time="29.659"/>
  <system-out/>
</testsuite> <!-- Chandan.LoginToActitime2 -->
