<?xml version="1.0" encoding="UTF-8"?>
<!-- Generated by org.testng.reporters.JUnitReportReporter -->
<testsuite hostname="DESKTOP-PD1QEPU" failures="0" tests="1" name="Chandan.ActitimeLoginLogout2" time="0.014" errors="0" timestamp="2023-06-15T10:17:32 IST" skipped="0">
  <testcase classname="Chandan.ActitimeLoginLogout2" name="ActitimeLoginLogout2Test" time="0.014"/>
  <system-out/>
</testsuite> <!-- Chandan.ActitimeLoginLogout2 -->
