<?xml version="1.0" encoding="UTF-8"?>
<!-- Generated by org.testng.reporters.JUnitReportReporter -->
<testsuite hostname="DESKTOP-PD1QEPU" failures="0" tests="1" name="Chandan.LoginToActitime" time="20.204" errors="0" timestamp="2023-06-14T20:10:47 IST" skipped="0">
  <testcase classname="Chandan.LoginToActitime" name="loginActitimeTest" time="20.204"/>
  <system-out/>
</testsuite> <!-- Chandan.LoginToActitime -->
